<?xml version="1.0" encoding="UTF-8"?>
<!-- Generated by org.testng.reporters.JUnitReportReporter -->
<testsuite hostname="SriniTalasani" name="TestClass.BaseClass" tests="1" failures="0" timestamp="5 Jul 2018 10:45:39 GMT" time="29.547" errors="0">
  <testcase name="open" time="29.547" classname="TestClass.BaseClass"/>
</testsuite> <!-- TestClass.BaseClass -->
