<?xml version="1.0" encoding="UTF-8"?>
<!-- Generated by org.testng.reporters.JUnitReportReporter -->
<testsuite hostname="SriniTalasani" name="TestClass.NewTest" tests="1" failures="0" timestamp="3 Jul 2018 18:59:51 GMT" time="0.016" errors="0">
  <testcase name="ffff" time="0.016" classname="TestClass.NewTest"/>
</testsuite> <!-- TestClass.NewTest -->
