<?xml version="1.0" encoding="UTF-8"?>
<!-- Generated by org.testng.reporters.JUnitReportReporter -->
<testsuite hostname="SriniTalasani" name="TestClass.Loginpage" tests="1" failures="0" timestamp="5 Jul 2018 10:55:04 GMT" time="89.925" errors="0">
  <testcase name="open" time="89.925" classname="TestClass.Loginpage"/>
</testsuite> <!-- TestClass.Loginpage -->
