<?xml version="1.0" encoding="UTF-8"?>
<!-- Generated by org.testng.reporters.JUnitReportReporter -->
<testsuite hostname="SriniTalasani" name="TestClasses.OpenBrowser" tests="1" failures="0" timestamp="12 Jul 2018 14:50:56 GMT" time="23.048" errors="0">
  <testcase name="Open" time="23.048" classname="TestClasses.OpenBrowser"/>
</testsuite> <!-- TestClasses.OpenBrowser -->
